
--------------------------------------------------
TXLib соболезнует...

Программа: C:\Users\Vadim\Documents\GitHub\SquareSolver\SquareSolver.exe,

ВНЕЗАПНО: signal (22, 0x00): SIGABRT: Аварийное завершение программы, вызвана функция abort(). 

С помощью функции signal() вы можете сами обработать эту ошибку.

#1: TXLib [Ver: 00173a, Rev: 173, Date: 2024-06-23 22:37:05 +0400], Instance: 0x005072FC (32-bit), Flags: Cmdre0, Thread: 0x2A9C (Main). 

--------------------------------------------------
Стек вызовов:



--------------------------------------------------
Developed with:

The Dumb Artist Library (TX Library)
TXLib [Ver: 00173a, Rev: 173, Date: 2024-06-23 22:37:05 +0400]
Copyright (C) Ded (Ilya Dedinsky, http://txlib.ru) <mail@txlib.ru>
See license on: http://txlib.ru

TXLib file:	c:\users\vadim\downloads\codeblocks\mingw\include\txlib.h
Compiled:	Aug 21 2024 18:48:10, GNU g++ 4.8.1, std=201103L, MinGW Runtime 3.20, 32-bit, DEBUG
Started:	Aug 21 2024 18:48:18

Run file:	C:\Users\Vadim\Documents\GitHub\SquareSolver\SquareSolver.exe
Directory:	C:\Users\Vadim\Documents\GitHub\SquareSolver

--------------------------------------------------

--------------------------------------------------
TXLib соболезнует...

Программа: C:\Users\Vadim\Documents\GitHub\SquareSolver\SquareSolver.exe,

ВНЕЗАПНО: signal (22, 0x00): SIGABRT: Аварийное завершение программы, вызвана функция abort(). 

С помощью функции signal() вы можете сами обработать эту ошибку.

#1: TXLib [Ver: 00173a, Rev: 173, Date: 2024-06-23 22:37:05 +0400], Instance: 0x005072FC (32-bit), Flags: Cmdre0, Thread: 0x4A80 (Main). 

--------------------------------------------------
Стек вызовов:



--------------------------------------------------
Developed with:

The Dumb Artist Library (TX Library)
TXLib [Ver: 00173a, Rev: 173, Date: 2024-06-23 22:37:05 +0400]
Copyright (C) Ded (Ilya Dedinsky, http://txlib.ru) <mail@txlib.ru>
See license on: http://txlib.ru

TXLib file:	c:\users\vadim\downloads\codeblocks\mingw\include\txlib.h
Compiled:	Aug 21 2024 18:52:31, GNU g++ 4.8.1, std=201103L, MinGW Runtime 3.20, 32-bit, DEBUG
Started:	Aug 21 2024 18:52:40

Run file:	C:\Users\Vadim\Documents\GitHub\SquareSolver\SquareSolver.exe
Directory:	C:\Users\Vadim\Documents\GitHub\SquareSolver

--------------------------------------------------

--------------------------------------------------
TXLib соболезнует...

Программа: C:\Users\Vadim\Documents\GitHub\SquareSolver\SquareSolver.exe,

ВНЕЗАПНО: signal (22, 0x00): SIGABRT: Аварийное завершение программы, вызвана функция abort(). 

С помощью функции signal() вы можете сами обработать эту ошибку.

#1: TXLib [Ver: 00173a, Rev: 173, Date: 2024-06-23 22:37:05 +0400], Instance: 0x005072FC (32-bit), Flags: Cmdre0, Thread: 0x1B6C (Main). 

--------------------------------------------------
Стек вызовов:



--------------------------------------------------
Developed with:

The Dumb Artist Library (TX Library)
TXLib [Ver: 00173a, Rev: 173, Date: 2024-06-23 22:37:05 +0400]
Copyright (C) Ded (Ilya Dedinsky, http://txlib.ru) <mail@txlib.ru>
See license on: http://txlib.ru

TXLib file:	c:\users\vadim\downloads\codeblocks\mingw\include\txlib.h
Compiled:	Aug 21 2024 18:57:04, GNU g++ 4.8.1, std=201103L, MinGW Runtime 3.20, 32-bit, DEBUG
Started:	Aug 21 2024 18:57:14

Run file:	C:\Users\Vadim\Documents\GitHub\SquareSolver\SquareSolver.exe
Directory:	C:\Users\Vadim\Documents\GitHub\SquareSolver

--------------------------------------------------
